<?xml version="1.0" encoding="UTF-8"?>
<!-- Generated by org.testng.reporters.JUnitXMLReporter -->
<testsuite hostname="wkssuresh" name="Econsys_Auto" tests="1" failures="1" timestamp="20 Sep 2016 12:13:52 GMT" time="61.848" errors="0">
  <testcase name="rejectDonotPro_CP6_to_CP9" time="60.77" classname="com.econsys.Projects.Save_Cancel_Reject_DonotProceed">
    <failure type="org.openqa.selenium.NoSuchElementException" message="Unable to locate element: {&amp;quot;method&amp;quot;:&amp;quot;xpath&amp;quot;,&amp;quot;selector&amp;quot;:&amp;quot;//tr[td[@title=\&amp;quot;End date 2\&amp;quot;]]/td[10]/a[contains(text(),&amp;apos;Open&amp;apos;)]&amp;quot;}
Command duration or timeout: 50.05 seconds
For documentation on this error, please visit: http://seleniumhq.org/exceptions/no_such_element.html
Build info: version: &amp;apos;2.53.1&amp;apos;, revision: &amp;apos;a36b8b1cd5757287168e54b817830adce9b0158d&amp;apos;, time: &amp;apos;2016-06-30 19:26:09&amp;apos;
System info: host: &amp;apos;wkssuresh&amp;apos;, ip: &amp;apos;10.0.0.229&amp;apos;, os.name: &amp;apos;Windows NT (unknown)&amp;apos;, os.arch: &amp;apos;amd64&amp;apos;, os.version: &amp;apos;6.2&amp;apos;, java.version: &amp;apos;1.7.0&amp;apos;
*** Element info: {Using=xpath, value=//tr[td[@title=&amp;quot;End date 2&amp;quot;]]/td[10]/a[contains(text(),&amp;apos;Open&amp;apos;)]}
Session ID: ab3a3455-7178-46a1-a694-109dd08d9c5d
Driver info: org.openqa.selenium.firefox.FirefoxDriver
Capabilities [{platform=WINDOWS, acceptSslCerts=true, javascriptEnabled=true, browserName=firefox, rotatable=false, locationContextEnabled=true, version=47.0.1, cssSelectorsEnabled=true, databaseEnabled=true, handlesAlerts=true, nativeEvents=false, webStorageEnabled=true, applicationCacheEnabled=true, takesScreenshot=true}]">
      <![CDATA[org.openqa.selenium.NoSuchElementException: Unable to locate element: {"method":"xpath","selector":"//tr[td[@title=\"End date 2\"]]/td[10]/a[contains(text(),'Open')]"}
Command duration or timeout: 50.05 seconds
For documentation on this error, please visit: http://seleniumhq.org/exceptions/no_such_element.html
Build info: version: '2.53.1', revision: 'a36b8b1cd5757287168e54b817830adce9b0158d', time: '2016-06-30 19:26:09'
System info: host: 'wkssuresh', ip: '10.0.0.229', os.name: 'Windows NT (unknown)', os.arch: 'amd64', os.version: '6.2', java.version: '1.7.0'
*** Element info: {Using=xpath, value=//tr[td[@title="End date 2"]]/td[10]/a[contains(text(),'Open')]}
Session ID: ab3a3455-7178-46a1-a694-109dd08d9c5d
Driver info: org.openqa.selenium.firefox.FirefoxDriver
Capabilities [{platform=WINDOWS, acceptSslCerts=true, javascriptEnabled=true, browserName=firefox, rotatable=false, locationContextEnabled=true, version=47.0.1, cssSelectorsEnabled=true, databaseEnabled=true, handlesAlerts=true, nativeEvents=false, webStorageEnabled=true, applicationCacheEnabled=true, takesScreenshot=true}]
	at org.openqa.selenium.remote.ErrorHandler.createThrowable(ErrorHandler.java:206)
	at org.openqa.selenium.remote.ErrorHandler.throwIfResponseFailed(ErrorHandler.java:158)
	at org.openqa.selenium.remote.RemoteWebDriver.execute(RemoteWebDriver.java:678)
	at org.openqa.selenium.remote.RemoteWebDriver.findElement(RemoteWebDriver.java:363)
	at org.openqa.selenium.remote.RemoteWebDriver.findElementByXPath(RemoteWebDriver.java:500)
	at org.openqa.selenium.By$ByXPath.findElement(By.java:361)
	at org.openqa.selenium.remote.RemoteWebDriver.findElement(RemoteWebDriver.java:355)
	at com.econsys.Projects.Basic.projectname_CP4toCP9(Basic.java:206)
	at com.econsys.Projects.Deliveryreview_ProjectCompleted.procomplete(Deliveryreview_ProjectCompleted.java:25)
	at com.econsys.Projects.Save_Cancel_Reject_DonotProceed.saveCancelReject_CP7(Save_Cancel_Reject_DonotProceed.java:400)
	at com.econsys.Projects.Save_Cancel_Reject_DonotProceed.rejectDonotPro_CP6_to_CP9(Save_Cancel_Reject_DonotProceed.java:392)
Caused by: org.openqa.selenium.NoSuchElementException: Unable to locate element: {"method":"xpath","selector":"//tr[td[@title=\"End date 2\"]]/td[10]/a[contains(text(),'Open')]"}
For documentation on this error, please visit: http://seleniumhq.org/exceptions/no_such_element.html
Build info: version: '2.53.1', revision: 'a36b8b1cd5757287168e54b817830adce9b0158d', time: '2016-06-30 19:26:09'
System info: host: 'wkssuresh', ip: '10.0.0.229', os.name: 'Windows NT (unknown)', os.arch: 'amd64', os.version: '6.2', java.version: '1.7.0'
Driver info: driver.version: unknown
	at <anonymous class>.FirefoxDriver.prototype.findElementInternal_(file:///C:/Users/bhanu.pk/AppData/Local/Temp/anonymous1236637252691883260webdriver-profile/extensions/fxdriver@googlecode.com/components/driver-component.js:10770)
	at <anonymous class>.fxdriver.Timer.prototype.setTimeout/<.notify(file:///C:/Users/bhanu.pk/AppData/Local/Temp/anonymous1236637252691883260webdriver-profile/extensions/fxdriver@googlecode.com/components/driver-component.js:625)
... Removed 28 stack frames]]>
    </failure>
  </testcase> <!-- rejectDonotPro_CP6_to_CP9 -->
</testsuite> <!-- Econsys_Auto -->
